2017-10-21 15:57:39,112 INFO o.a.j.u.JMeterUtils: Setting Locale to en_US
2017-10-21 15:57:39,276 INFO o.a.j.JMeter: Loading user properties from: user.properties
2017-10-21 15:57:39,424 INFO o.a.j.JMeter: Loading system properties from: system.properties
2017-10-21 15:57:39,776 INFO o.a.j.JMeter: Copyright (c) 1998-2017 The Apache Software Foundation
2017-10-21 15:57:39,777 INFO o.a.j.JMeter: Version 3.3 r1808647
2017-10-21 15:57:39,777 INFO o.a.j.JMeter: java.version=1.8.0_151
2017-10-21 15:57:39,777 INFO o.a.j.JMeter: java.vm.name=Java HotSpot(TM) 64-Bit Server VM
2017-10-21 15:57:39,777 INFO o.a.j.JMeter: os.name=Windows 7
2017-10-21 15:57:39,777 INFO o.a.j.JMeter: os.arch=amd64
2017-10-21 15:57:39,777 INFO o.a.j.JMeter: os.version=6.1
2017-10-21 15:57:39,778 INFO o.a.j.JMeter: file.encoding=Cp1252
2017-10-21 15:57:39,778 INFO o.a.j.JMeter: Max memory     =536870912
2017-10-21 15:57:39,778 INFO o.a.j.JMeter: Available Processors =4
2017-10-21 15:57:40,164 INFO o.a.j.JMeter: Default Locale=English (United States)
2017-10-21 15:57:40,169 INFO o.a.j.JMeter: JMeter  Locale=English (United States)
2017-10-21 15:57:40,169 INFO o.a.j.JMeter: JMeterHome=D:\Jmeter\apache-jmeter-3.3
2017-10-21 15:57:40,169 INFO o.a.j.JMeter: user.dir  =D:\Jmeter\apache-jmeter-3.3\bin
2017-10-21 15:57:40,170 INFO o.a.j.JMeter: PWD       =D:\Jmeter\apache-jmeter-3.3\bin
2017-10-21 15:57:40,176 INFO o.a.j.JMeter: IP: 192.168.1.107 Name: Alex-PC FullName: Alex-PC
2017-10-21 15:57:45,765 INFO o.a.j.g.a.LookAndFeelCommand: Using look and feel: javax.swing.plaf.metal.MetalLookAndFeel [Metal, CrossPlatform]
2017-10-21 15:57:45,778 INFO o.a.j.JMeter: Loaded icon properties from org/apache/jmeter/images/icon.properties
2017-10-21 15:57:49,165 INFO o.a.j.e.u.CompoundVariable: Note: Function class names must contain the string: '.functions.'
2017-10-21 15:57:49,166 INFO o.a.j.e.u.CompoundVariable: Note: Function class names must not contain the string: '.gui.'
2017-10-21 15:57:53,825 INFO o.a.j.g.u.MenuFactory: Skipping org.apache.jmeter.assertions.BSFAssertion
2017-10-21 15:57:59,060 INFO o.a.j.g.u.MenuFactory: Skipping org.apache.jmeter.extractor.BSFPostProcessor
2017-10-21 15:57:59,152 INFO o.a.j.g.u.MenuFactory: Skipping org.apache.jmeter.modifiers.BSFPreProcessor
2017-10-21 15:57:59,225 INFO o.a.j.p.h.s.HTTPSamplerBase: Parser for text/html is org.apache.jmeter.protocol.http.parser.LagartoBasedHtmlParser
2017-10-21 15:57:59,226 INFO o.a.j.p.h.s.HTTPSamplerBase: Parser for application/xhtml+xml is org.apache.jmeter.protocol.http.parser.LagartoBasedHtmlParser
2017-10-21 15:57:59,226 INFO o.a.j.p.h.s.HTTPSamplerBase: Parser for application/xml is org.apache.jmeter.protocol.http.parser.LagartoBasedHtmlParser
2017-10-21 15:57:59,226 INFO o.a.j.p.h.s.HTTPSamplerBase: Parser for text/xml is org.apache.jmeter.protocol.http.parser.LagartoBasedHtmlParser
2017-10-21 15:57:59,226 INFO o.a.j.p.h.s.HTTPSamplerBase: Parser for text/vnd.wap.wml is org.apache.jmeter.protocol.http.parser.RegexpHTMLParser
2017-10-21 15:57:59,226 INFO o.a.j.p.h.s.HTTPSamplerBase: Parser for text/css is org.apache.jmeter.protocol.http.parser.CssParser
2017-10-21 15:58:02,940 INFO o.j.r.PluginManager: Plugins Status: [jpgc-dummy=0.2, jpgc-plugins-manager=0.16, jmeter-core=3.3, jmeter-ftp=3.3, jmeter-http=3.3, jmeter-jdbc=3.3, jmeter-jms=3.3, jmeter-junit=3.3, jmeter-java=3.3, jmeter-ldap=3.3, jmeter-mail=3.3, jmeter-mongodb=3.3, jmeter-native=3.3, jmeter-tcp=3.3, jmeter-components=3.3]
2017-10-21 15:58:06,207 INFO o.a.j.e.KeyToolUtils: keytool found at 'keytool'
2017-10-21 15:58:06,208 INFO o.a.j.p.h.p.ProxyControl: HTTP(S) Test Script Recorder SSL Proxy will use keys that support embedded 3rd party resources in file D:\Jmeter\apache-jmeter-3.3\bin\proxyserver.jks
2017-10-21 15:58:06,892 INFO o.a.j.g.u.MenuFactory: Skipping org.apache.jmeter.protocol.java.sampler.BSFSampler
2017-10-21 15:58:06,980 INFO o.a.j.s.FileServer: Default base='D:\Jmeter\apache-jmeter-3.3\bin'
2017-10-21 15:58:07,253 INFO o.a.j.g.u.MenuFactory: Skipping org.apache.jmeter.protocol.mongodb.config.MongoSourceElement
2017-10-21 15:58:07,254 INFO o.a.j.g.u.MenuFactory: Skipping org.apache.jmeter.protocol.mongodb.sampler.MongoScriptSampler
2017-10-21 15:58:07,902 INFO o.a.j.g.u.MenuFactory: Skipping org.apache.jmeter.timers.BSFTimer
2017-10-21 15:58:07,966 INFO o.a.j.g.u.MenuFactory: Skipping org.apache.jmeter.visualizers.BSFListener
2017-10-21 15:58:08,471 INFO o.a.j.s.SampleResult: Note: Sample TimeStamps are START times
2017-10-21 15:58:08,471 INFO o.a.j.s.SampleResult: sampleresult.default.encoding is set to ISO-8859-1
2017-10-21 15:58:08,471 INFO o.a.j.s.SampleResult: sampleresult.useNanoTime=true
2017-10-21 15:58:08,472 INFO o.a.j.s.SampleResult: sampleresult.nanoThreadSleep=5000
is org.apache.jmeter.protocol.http.parser.LagartoBasedHtmlParser
2017-10-21 15:57:59,226 INFO o.a.j.p.h.s.HTTPSamplerBase: Parser for application/xhtml+xml is org.apache.jmeter.protocol.http.parser.LagartoBasedHtmlParser
2017-10-21 15:57:59,226 INFO o.a.j.p.h.s.HTTPSamplerBase: Parser for application/xml is org.apache.jmeter.protocol.http.parser.LagartoBasedHtmlParser
2017-10-21 15:57:59,226 INFO o.a.j.p.h.s.HTTPSamplerBase: Parser for text/xml is org.apache.jmeter.protocol.http.parser.LagartoBasedHtmlParser
2017-10-21 15:57:59,226 INFO o.a.j.p.h.s.HTTPSamplerBase: Parser for text/vnd.wap.wml is org.apache.jmeter.protocol.http.parser.RegexpHTMLParser
2017-10-21 15:57:59,226 INFO o.a.j.p.h.s.HTTPSamplerBase: Parser for text/css is org.apache.jmeter.protocol.http.parser.CssParser
2017-10-21 15:58:02,936 INFO o.j.r.PluginManager: Plugins Status: [jpgc-dummy=0.2, jpgc-plugins-manager=0.16, jmeter-core=3.3, jmeter-ftp=3.3, jmeter-http=3.3, jmeter-jdbc=3.3, jmeter-jms=3.3, jmeter-junit=3.3, jmeter-java=3.3, jmeter-ldap=3.3, jmeter-mail=3.3, jmeter-mongodb=3.3, jmeter-native=3.3, jmeter-tcp=3.3, jmeter-components=3.3]
2017-10-21 15:58:06,209 INFO o.a.j.e.KeyToolUtils: keytool found at 'keytool'
2017-10-21 15:58:06,209 INFO o.a.j.p.h.p.ProxyControl: HTTP(S) Test Script Recorder SSL Proxy will use keys that support embedded 3rd party resources in file D:\Jmeter\apache-jmeter-3.3\bin\proxyserver.jks
2017-10-21 15:58:06,914 INFO o.a.j.g.u.MenuFactory: Skipping org.apache.jmeter.protocol.java.sampler.BSFSampler
2017-10-21 15:58:06,998 INFO o.a.j.s.FileServer: Default base='D:\Jmeter\apache-jmeter-3.3\bin'
2017-10-21 15:58:07,260 INFO o.a.j.g.u.MenuFactory: Skipping org.apache.jmeter.protocol.mongodb.config.MongoSourceElement
2017-10-21 15:58:07,261 INFO o.a.j.g.u.MenuFactory: Skipping org.apache.jmeter.protocol.mongodb.sampler.MongoScriptSampler
2017-10-21 15:58:07,883 INFO o.a.j.g.u.MenuFactory: Skipping org.apache.jmeter.timers.BSFTimer
2017-10-21 15:58:08,000 INFO o.a.j.g.u.MenuFactory: Skipping org.apache.jmeter.visualizers.BSFListener
2017-10-21 15:58:08,414 INFO o.a.j.s.SampleResult: Note: Sample TimeStamps are START times
2017-10-21 15:58:08,414 INFO o.a.j.s.SampleResult: sampleresult.default.encoding is set to ISO-8859-1
2017-10-21 15:58:08,415 INFO o.a.j.s.SampleResult: sampleresult.useNanoTime=true
2017-10-21 15:58:08,415 INFO o.a.j.s.SampleResult: sampleresult.nanoThreadSleep=5000
